<?xml version="1.0" encoding="UTF-8"?>
<testng-results ignored="0" total="5" passed="5" failed="0" skipped="0">
  <reporter-output>
  </reporter-output>
  <suite started-at="2025-04-15T02:48:44 PDT" name="Default suite" finished-at="2025-04-15T02:48:52 PDT" duration-ms="8037">
    <groups>
    </groups>
    <test started-at="2025-04-15T02:48:44 PDT" name="Default test" finished-at="2025-04-15T02:48:52 PDT" duration-ms="8037">
      <class name="swagLabs.anything">
        <test-method is-config="true" signature="first()[pri:0, instance:swagLabs.anything@64ba3208]" started-at="2025-04-15T02:48:44 PDT" name="first" finished-at="2025-04-15T02:48:45 PDT" duration-ms="1293" status="PASS">
          <reporter-output>
          </reporter-output>
        </test-method> <!-- first -->
        <test-method signature="login()[pri:1, instance:swagLabs.anything@64ba3208]" started-at="2025-04-15T02:48:45 PDT" name="login" finished-at="2025-04-15T02:48:46 PDT" duration-ms="551" status="PASS">
          <reporter-output>
          </reporter-output>
        </test-method> <!-- login -->
        <test-method signature="addRandomlyItems()[pri:2, instance:swagLabs.anything@64ba3208]" started-at="2025-04-15T02:48:46 PDT" name="addRandomlyItems" finished-at="2025-04-15T02:48:46 PDT" duration-ms="288" status="PASS">
          <reporter-output>
          </reporter-output>
        </test-method> <!-- addRandomlyItems -->
        <test-method signature="removeItem()[pri:3, instance:swagLabs.anything@64ba3208]" started-at="2025-04-15T02:48:46 PDT" name="removeItem" finished-at="2025-04-15T02:48:46 PDT" duration-ms="194" status="PASS">
          <reporter-output>
          </reporter-output>
        </test-method> <!-- removeItem -->
        <test-method signature="checkOut()[pri:4, instance:swagLabs.anything@64ba3208]" started-at="2025-04-15T02:48:46 PDT" name="checkOut" finished-at="2025-04-15T02:48:47 PDT" duration-ms="715" status="PASS">
          <reporter-output>
          </reporter-output>
        </test-method> <!-- checkOut -->
        <test-method signature="logOut()[pri:5, instance:swagLabs.anything@64ba3208]" started-at="2025-04-15T02:48:47 PDT" name="logOut" finished-at="2025-04-15T02:48:49 PDT" duration-ms="2320" status="PASS">
          <reporter-output>
          </reporter-output>
        </test-method> <!-- logOut -->
        <test-method is-config="true" signature="therd()[pri:0, instance:swagLabs.anything@64ba3208]" started-at="2025-04-15T02:48:49 PDT" name="therd" finished-at="2025-04-15T02:48:52 PDT" duration-ms="2491" status="PASS">
          <reporter-output>
          </reporter-output>
        </test-method> <!-- therd -->
      </class> <!-- swagLabs.anything -->
    </test> <!-- Default test -->
  </suite> <!-- Default suite -->
</testng-results>
